# JRE version: Java(TM) SE Runtime Environment (8.0_311-b11) (build 1.8.0_311-b11)
# Java VM: Java HotSpot(TM) Client VM (25.311-b11 mixed mode, sharing windows-x86 )
Heap:
 def new generation   total 19648K, used 19246K [0x03a00000, 0x04f50000, 0x04f50000)
  eden space 17472K, 100% used [0x03a00000, 0x04b10000, 0x04b10000)
  from space 2176K,  81% used [0x04d30000, 0x04eeba70, 0x04f50000)
  to   space 2176K,   0% used [0x04b10000, 0x04b10000, 0x04d30000)
 tenured generation   total 43712K, used 43711K [0x04f50000, 0x07a00000, 0x07a00000)
   the space 43712K,  99% used [0x04f50000, 0x079ffff8, 0x07a00000, 0x07a00000)
 Metaspace       used 4092K, capacity 5430K, committed 5504K, reserved 5504K
GC Heap History (10 events):
Event: 2063.796 GC heap before
{Heap before GC invocations=80 (full 62):
 def new generation   total 19648K, used 19648K [0x03a00000, 0x04f50000, 0x04f50000)
  eden space 17472K, 100% used [0x03a00000, 0x04b10000, 0x04b10000)
  from space 2176K, 100% used [0x04d30000, 0x04f50000, 0x04f50000)
  to   space 2176K,   0% used [0x04b10000, 0x04b10000, 0x04d30000)
 tenured generation   total 43712K, used 43711K [0x04f50000, 0x07a00000, 0x07a00000)
   the space 43712K,  99% used [0x04f50000, 0x079ffff8, 0x07a00000, 0x07a00000)
 Metaspace       used 4092K, capacity 5430K, committed 5504K, reserved 5504K
Event: 2063.952 GC heap after
Heap after GC invocations=81 (full 63):
 def new generation   total 19648K, used 19648K [0x03a00000, 0x04f50000, 0x04f50000)
  eden space 17472K, 100% used [0x03a00000, 0x04b10000, 0x04b10000)
  from space 2176K, 100% used [0x04d30000, 0x04f50000, 0x04f50000)
  to   space 2176K,   0% used [0x04b10000, 0x04b10000, 0x04d30000)
 tenured generation   total 43712K, used 43711K [0x04f50000, 0x07a00000, 0x07a00000)
   the space 43712K,  99% used [0x04f50000, 0x079ffff8, 0x07a00000, 0x07a00000)
 Metaspace       used 4092K, capacity 5430K, committed 5504K, reserved 5504K
}
Event: 2063.952 GC heap before
{Heap before GC invocations=81 (full 63):
 def new generation   total 19648K, used 19648K [0x03a00000, 0x04f50000, 0x04f50000)
  eden space 17472K, 100% used [0x03a00000, 0x04b10000, 0x04b10000)
  from space 2176K, 100% used [0x04d30000, 0x04f50000, 0x04f50000)
  to   space 2176K,   0% used [0x04b10000, 0x04b10000, 0x04d30000)
 tenured generation   total 43712K, used 43711K [0x04f50000, 0x07a00000, 0x07a00000)
   the space 43712K,  99% used [0x04f50000, 0x079ffff8, 0x07a00000, 0x07a00000)
 Metaspace       used 4092K, capacity 5430K, committed 5504K, reserved 5504K
Event: 2064.108 GC heap after
Heap after GC invocations=82 (full 64):
 def new generation   total 19648K, used 19648K [0x03a00000, 0x04f50000, 0x04f50000)
  eden space 17472K, 100% used [0x03a00000, 0x04b10000, 0x04b10000)
  from space 2176K, 100% used [0x04d30000, 0x04f50000, 0x04f50000)
  to   space 2176K,   0% used [0x04b10000, 0x04b10000, 0x04d30000)
 tenured generation   total 43712K, used 43711K [0x04f50000, 0x07a00000, 0x07a00000)
   the space 43712K,  99% used [0x04f50000, 0x079ffff8, 0x07a00000, 0x07a00000)
 Metaspace       used 4092K, capacity 5430K, committed 5504K, reserved 5504K
}
Event: 2064.108 GC heap before
{Heap before GC invocations=82 (full 64):
 def new generation   total 19648K, used 19648K [0x03a00000, 0x04f50000, 0x04f50000)
  eden space 17472K, 100% used [0x03a00000, 0x04b10000, 0x04b10000)
  from space 2176K, 100% used [0x04d30000, 0x04f50000, 0x04f50000)
  to   space 2176K,   0% used [0x04b10000, 0x04b10000, 0x04d30000)
 tenured generation   total 43712K, used 43711K [0x04f50000, 0x07a00000, 0x07a00000)
   the space 43712K,  99% used [0x04f50000, 0x079ffff8, 0x07a00000, 0x07a00000)
 Metaspace       used 4092K, capacity 5430K, committed 5504K, reserved 5504K
Event: 2064.285 GC heap after
Heap after GC invocations=83 (full 65):
 def new generation   total 19648K, used 19648K [0x03a00000, 0x04f50000, 0x04f50000)
  eden space 17472K, 100% used [0x03a00000, 0x04b10000, 0x04b10000)
  from space 2176K, 100% used [0x04d30000, 0x04f50000, 0x04f50000)
  to   space 2176K,   0% used [0x04b10000, 0x04b10000, 0x04d30000)
 tenured generation   total 43712K, used 43711K [0x04f50000, 0x07a00000, 0x07a00000)
   the space 43712K,  99% used [0x04f50000, 0x079ffff8, 0x07a00000, 0x07a00000)
 Metaspace       used 4092K, capacity 5430K, committed 5504K, reserved 5504K
}
Event: 2064.285 GC heap before
{Heap before GC invocations=83 (full 65):
 def new generation   total 19648K, used 19648K [0x03a00000, 0x04f50000, 0x04f50000)
  eden space 17472K, 100% used [0x03a00000, 0x04b10000, 0x04b10000)
  from space 2176K, 100% used [0x04d30000, 0x04f50000, 0x04f50000)
  to   space 2176K,   0% used [0x04b10000, 0x04b10000, 0x04d30000)
 tenured generation   total 43712K, used 43711K [0x04f50000, 0x07a00000, 0x07a00000)
   the space 43712K,  99% used [0x04f50000, 0x079ffff8, 0x07a00000, 0x07a00000)
 Metaspace       used 4092K, capacity 5430K, committed 5504K, reserved 5504K
Event: 2064.453 GC heap after
Heap after GC invocations=84 (full 66):
 def new generation   total 19648K, used 19648K [0x03a00000, 0x04f50000, 0x04f50000)
  eden space 17472K, 100% used [0x03a00000, 0x04b10000, 0x04b10000)
  from space 2176K, 100% used [0x04d30000, 0x04f50000, 0x04f50000)
  to   space 2176K,   0% used [0x04b10000, 0x04b10000, 0x04d30000)
 tenured generation   total 43712K, used 43711K [0x04f50000, 0x07a00000, 0x07a00000)
   the space 43712K,  99% used [0x04f50000, 0x079ffff8, 0x07a00000, 0x07a00000)
 Metaspace       used 4092K, capacity 5430K, committed 5504K, reserved 5504K
}
Event: 2064.454 GC heap before
{Heap before GC invocations=84 (full 66):
 def new generation   total 19648K, used 19648K [0x03a00000, 0x04f50000, 0x04f50000)
  eden space 17472K, 100% used [0x03a00000, 0x04b10000, 0x04b10000)
  from space 2176K, 100% used [0x04d30000, 0x04f50000, 0x04f50000)
  to   space 2176K,   0% used [0x04b10000, 0x04b10000, 0x04d30000)
 tenured generation   total 43712K, used 43711K [0x04f50000, 0x07a00000, 0x07a00000)
   the space 43712K,  99% used [0x04f50000, 0x079ffff8, 0x07a00000, 0x07a00000)
 Metaspace       used 4092K, capacity 5430K, committed 5504K, reserved 5504K
Event: 2064.613 GC heap after
Heap after GC invocations=85 (full 67):
 def new generation   total 19648K, used 19230K [0x03a00000, 0x04f50000, 0x04f50000)
  eden space 17472K, 100% used [0x03a00000, 0x04b10000, 0x04b10000)
  from space 2176K,  80% used [0x04d30000, 0x04ee7818, 0x04f50000)
  to   space 2176K,   0% used [0x04b10000, 0x04b10000, 0x04d30000)
 tenured generation   total 43712K, used 43711K [0x04f50000, 0x07a00000, 0x07a00000)
   the space 43712K,  99% used [0x04f50000, 0x079ffff8, 0x07a00000, 0x07a00000)
 Metaspace       used 4092K, capacity 5430K, committed 5504K, reserved 5504K
}

